[10:38:06] [ServerMain/INFO]: Building unoptimized datafixer
[10:38:08] [ServerMain/INFO]: Environment: authHost='https://authserver.mojang.com', accountsHost='https://api.mojang.com', sessionHost='https://sessionserver.mojang.com', servicesHost='https://api.minecraftservices.com', name='PROD'
[10:38:10] [ServerMain/INFO]: Loaded 7 recipes
[10:38:11] [Server thread/INFO]: Starting minecraft server version 1.19.3
[10:38:11] [Server thread/INFO]: Loading properties
[10:38:11] [Server thread/INFO]: This server is running Paper version git-Paper-360 (MC: 1.19.3) (Implementing API version 1.19.3-R0.1-SNAPSHOT) (Git: 1975fbe)
[10:38:11] [Server thread/INFO]: Server Ping Player Sample Count: 12
[10:38:12] [Server thread/INFO]: Using 4 threads for Netty based IO
[10:38:12] [Server thread/INFO]: [ChunkTaskScheduler] Chunk system is using 1 I/O threads, 1 worker threads, and gen parallelism of 1 threads
[10:38:12] [Server thread/INFO]: Default game type: SURVIVAL
[10:38:12] [Server thread/INFO]: Generating keypair
[10:38:12] [Server thread/INFO]: Starting Minecraft server on *:25565
[10:38:12] [Server thread/INFO]: Using epoll channel type
[10:38:12] [Server thread/INFO]: Paper: Using libdeflate (Linux x86_64) compression from Velocity.
[10:38:12] [Server thread/INFO]: Paper: Using OpenSSL 1.1.x (Linux x86_64) cipher from Velocity.
[10:38:13] [Server thread/INFO]: [LuckPerms] Loading LuckPerms v5.4.55
[10:38:14] [Server thread/INFO]: [Essentials] Loading Essentials v2.20.0-dev+35-0936fe8
[10:38:14] [Server thread/INFO]: [EssentialsSpawn] Loading EssentialsSpawn v2.20.0-dev+35-0936fe8
[10:38:14] [Server thread/INFO]: [NamelessMC] Loading NamelessMC v3.2.3
[10:38:14] [Server thread/INFO]: [EssentialsChat] Loading EssentialsChat v2.20.0-dev+35-0936fe8
[10:38:14] [Server thread/INFO]: [AuthMe] Loading AuthMe v5.6.0-beta2-b2453
[10:38:14] [Server thread/INFO]: Server permissions file permissions.yml is empty, ignoring it
[10:38:14] [Server thread/INFO]: [LuckPerms] Enabling LuckPerms v5.4.55
[10:38:14] [Server thread/INFO]:         __    
[10:38:14] [Server thread/INFO]:   |    |__)   LuckPerms v5.4.55
[10:38:14] [Server thread/INFO]:   |___ |      Running on Bukkit - Paper
[10:38:14] [Server thread/INFO]: 
[10:38:14] [Server thread/INFO]: [LuckPerms] Loading configuration...
[10:38:14] [Server thread/INFO]: [LuckPerms] Loading storage provider... [H2]
[10:38:15] [Server thread/INFO]: [LuckPerms] Loading internal permission managers...
[10:38:15] [Server thread/INFO]: [LuckPerms] Performing initial data load...
[10:38:15] [Server thread/INFO]: [LuckPerms] Successfully enabled. (took 1605ms)
[10:38:15] [Server thread/INFO]: Preparing level "world"
[10:38:17] [Server thread/INFO]: Preparing start region for dimension minecraft:overworld
[10:38:17] [Server thread/INFO]: Time elapsed: 202 ms
[10:38:17] [Server thread/INFO]: Preparing start region for dimension minecraft:the_nether
[10:38:17] [Server thread/INFO]: Time elapsed: 45 ms
[10:38:17] [Server thread/INFO]: Preparing start region for dimension minecraft:the_end
[10:38:17] [Server thread/INFO]: Time elapsed: 42 ms
[10:38:17] [Server thread/INFO]: [Essentials] Enabling Essentials v2.20.0-dev+35-0936fe8
[10:38:18] [Server thread/INFO]: [Essentials] Attempting to convert old kits in config.yml to new kits.yml
[10:38:18] [Server thread/INFO]: [Essentials] No kits found to migrate.
[10:38:18] [Server thread/INFO]: [Essentials] Starting Essentials ban format conversion
[10:38:18] [Server thread/INFO]: [Essentials] Attempting to migrate ignore list to UUIDs
[10:38:18] [Server thread/INFO]: [Essentials] Attempting to migrate legacy userdata keys to Configurate
[10:38:18] [Server thread/INFO]: [Essentials] Loaded 38132 items from items.json.
[10:38:18] [Server thread/INFO]: [Essentials] Using locale ru_RU
[10:38:18] [Server thread/INFO]: [Essentials] ServerListPingEvent: Spigot iterator API
[10:38:18] [Server thread/INFO]: [Essentials] Starting Metrics. Opt-out using the global bStats config.
[10:38:18] [Server thread/WARN]: [Essentials] Detected supported permissions plugin LuckPerms without Vault installed.
[10:38:18] [Server thread/WARN]: [Essentials] Features such as chat prefixes/suffixes and group-related functionality will not work until you install Vault.
[10:38:18] [Server thread/INFO]: [Essentials] Using superperms-based permissions.
[10:38:18] [Server thread/INFO]: [EssentialsSpawn] Enabling EssentialsSpawn v2.20.0-dev+35-0936fe8
[10:38:18] [Server thread/INFO]: [EssentialsSpawn] Starting Metrics. Opt-out using the global bStats config.
[10:38:18] [Server thread/INFO]: [NamelessMC] Enabling NamelessMC v3.2.3
[10:38:19] [Server thread/INFO]: [EssentialsChat] Enabling EssentialsChat v2.20.0-dev+35-0936fe8
[10:38:19] [Server thread/INFO]: [EssentialsChat] Secure signed chat and previews are enabled.
[10:38:19] [Server thread/INFO]: [EssentialsChat] Starting Metrics. Opt-out using the global bStats config.
[10:38:19] [Server thread/INFO]: [AuthMe] Enabling AuthMe v5.6.0-beta2-b2453
[10:38:19] [Server thread/INFO]: [AuthMe] Connection arguments loaded, Hikari ConnectionPool ready!
[10:38:19] [Server thread/ERROR]: [AuthMe] [STDERR] [Server thread] INFO fr.xephi.authme.libs.com.zaxxer.hikari.HikariDataSource - AuthMeMYSQLPool - Starting...
[10:38:19] [Server thread/WARN]: Nag author(s): '[Xephi, sgdc3, DNx5, timvisee, games647, ljacqu, Gnat008]' of 'AuthMe' about their usage of System.out/err.print. Please use your plugin's logger instead (JavaPlugin#getLogger).
[10:38:20] [Server thread/ERROR]: [AuthMe] [STDERR] [Server thread] INFO fr.xephi.authme.libs.com.zaxxer.hikari.HikariDataSource - AuthMeMYSQLPool - Start completed.
[10:38:21] [Server thread/INFO]: [AuthMe] Created column 'regdate' and set the current timestamp, 1672040301860, to all 0 rows
[10:38:23] [Server thread/INFO]: [AuthMe] MySQL setup finished
[10:38:23] [Server thread/INFO]: [AuthMe] Hooked into LuckPerms!
[10:38:23] [Server thread/INFO]: [AuthMe] Hooked successfully into Essentials
[10:38:23] [Server thread/INFO]: [AuthMe] Essentials spawn file not found: '/home/darkshy/server/plugins/Essentials/spawn.yml'
[10:38:24] [Server thread/WARN]: [AuthMe] WARNING! The protectInventory feature requires ProtocolLib! Disabling it...
[10:38:24] [Server thread/INFO]: [AuthMe] AuthMe 5.6.0-beta2 build n.2453 successfully enabled!
[10:38:24] [Server thread/INFO]: Running delayed init tasks
[10:38:24] [Server thread/INFO]: Done (12.726s)! For help, type "help"
[10:38:24] [Server thread/INFO]: Timings Reset
[10:38:24] [Craft Scheduler Thread - 1 - AuthMe/INFO]: [AuthMe] Downloading GEO IP database, because the old database is older than 30 days or doesn't exist
[10:38:24] [Craft Scheduler Thread - 1 - AuthMe/WARN]: [AuthMe] No MaxMind credentials found in the configuration file! GeoIp protections will be disabled.
[10:38:24] [Craft Scheduler Thread - 1 - AuthMe/INFO]: [AuthMe] There is no newer GEO IP database uploaded to MaxMind. Using the old one for now.
[10:38:24] [Craft Scheduler Thread - 3 - Essentials/INFO]: [Essentials] Получение информации о версии...
[10:38:24] [Craft Scheduler Thread - 1 - AuthMe/WARN]: [AuthMe] Could not download GeoLiteAPI database [FileNotFoundException]: plugins/AuthMe/GeoLite2-Country.mmdb (Нет такого файла или каталога)
[10:42:30] [Paper Watchdog Thread/ERROR]: --- DO NOT REPORT THIS TO PAPER - THIS IS NOT A BUG OR A CRASH  - git-Paper-360 (MC: 1.19.3) ---
[10:42:31] [Server thread/WARN]: Can't keep up! Is the server overloaded? Running 15574ms or 311 ticks behind
[10:42:31] [Paper Watchdog Thread/ERROR]: The server has not responded for -5 seconds! Creating thread dump
[10:42:31] [Paper Watchdog Thread/ERROR]: ------------------------------
[10:42:31] [Paper Watchdog Thread/ERROR]: Server thread dump (Look for plugins here before reporting to Paper!):
[10:42:34] [Paper Watchdog Thread/ERROR]: Ticking entity: minecraft:chest_minecart, entity class: net.minecraft.world.entity.vehicle.EntityMinecartChest
[10:42:36] [Paper Watchdog Thread/ERROR]: Entity status: removed: false, valid: true, alive: true, is passenger: false
[10:42:36] [Paper Watchdog Thread/ERROR]: Entity UUID: 8e273580-8aeb-41f2-9ad6-027d810549d3
[10:42:39] [Paper Watchdog Thread/ERROR]: Position: world: 'world' at location (-159.5, -32.9375, 270.5)
[10:42:40] [Paper Watchdog Thread/ERROR]: Velocity: (0.0, -0.0, 0.0) (in blocks per tick)
[10:42:46] [Paper Watchdog Thread/ERROR]: Entity AABB: AABB[-159.99000000953674, -32.9375, 270.00999999046326] -> [-159.00999999046326, -32.23750001192093, 270.99000000953674]
[10:42:53] [Paper Watchdog Thread/ERROR]: ------------------------------
[10:42:53] [Paper Watchdog Thread/ERROR]: Current Thread: Server thread
[10:42:55] [Paper Watchdog Thread/ERROR]: 	PID: 24 | Suspended: false | Native: false | State: RUNNABLE
[10:42:55] [Paper Watchdog Thread/ERROR]: 	Stack:
[10:42:59] [Paper Watchdog Thread/ERROR]: 		net.minecraft.world.level.block.FireBlock.getIgniteOdds(FireBlock.java:345)
[10:42:59] [Paper Watchdog Thread/ERROR]: 		net.minecraft.world.level.block.FireBlock.tick(FireBlock.java:228)
[10:42:59] [Paper Watchdog Thread/ERROR]: 		net.minecraft.world.level.block.state.BlockBehaviour$BlockStateBase.tick(BlockBehaviour.java:1041)
[10:42:59] [Paper Watchdog Thread/ERROR]: 		net.minecraft.server.level.ServerLevel.tickBlock(ServerLevel.java:1159)
[10:42:59] [Paper Watchdog Thread/ERROR]: 		net.minecraft.server.level.WorldServer$$Lambda$6398/0x0000000801f95d10.accept(Unknown Source)
[10:42:59] [Paper Watchdog Thread/ERROR]: 		net.minecraft.world.ticks.LevelTicks.runCollectedTicks(LevelTicks.java:197)
[10:42:59] [Paper Watchdog Thread/ERROR]: 		net.minecraft.world.ticks.LevelTicks.tick(LevelTicks.java:94)
[10:42:59] [Paper Watchdog Thread/ERROR]: 		net.minecraft.server.level.ServerLevel.tick(ServerLevel.java:673)
[10:42:59] [Paper Watchdog Thread/ERROR]: 		net.minecraft.server.MinecraftServer.tickChildren(MinecraftServer.java:1535)
[10:42:59] [Paper Watchdog Thread/ERROR]: 		net.minecraft.server.dedicated.DedicatedServer.tickChildren(DedicatedServer.java:440)
[10:42:59] [Paper Watchdog Thread/ERROR]: 		net.minecraft.server.MinecraftServer.tickServer(MinecraftServer.java:1397)
[10:42:59] [Paper Watchdog Thread/ERROR]: 		net.minecraft.server.MinecraftServer.runServer(MinecraftServer.java:1173)
[10:42:59] [Paper Watchdog Thread/ERROR]: 		net.minecraft.server.MinecraftServer.lambda$spin$0(MinecraftServer.java:316)
[10:42:59] [Paper Watchdog Thread/ERROR]: 		net.minecraft.server.MinecraftServer$$Lambda$4382/0x000000080150ac60.run(Unknown Source)
[10:42:59] [Paper Watchdog Thread/ERROR]: 		java.base@17.0.6-ea/java.lang.Thread.run(Thread.java:833)
[10:42:59] [Paper Watchdog Thread/ERROR]: ------------------------------
[10:42:59] [Paper Watchdog Thread/ERROR]: --- DO NOT REPORT THIS TO PAPER - THIS IS NOT A BUG OR A CRASH ---
[10:42:59] [Paper Watchdog Thread/ERROR]: ------------------------------
